0 verbose cli /usr/local/bin/node /usr/local/bin/npm
1 info using npm@10.9.2
2 info using node@v22.13.0
3 silly config load:file:/usr/local/lib/node_modules/npm/npmrc
4 silly config load:file:/home/app/monannonce_react/monannonce_react/.npmrc
5 silly config load:file:/home/app/.npmrc
6 silly config load:file:/usr/local/etc/npmrc
7 verbose title npm install react-native-flash-message
8 verbose argv "install" "--save" "react-native-flash-message"
9 verbose logfile logs-max:10 dir:/home/app/.npm/_logs/2025-01-14T08_27_35_522Z-
10 verbose logfile /home/app/.npm/_logs/2025-01-14T08_27_35_522Z-debug-0.log
11 silly logfile start cleaning logs, removing 1 files
12 silly packumentCache heap:2197815296 maxSize:549453824 maxEntrySize:274726912
13 silly logfile done cleaning log files
14 silly idealTree buildDeps
15 silly fetch manifest react-native-flash-message@*
16 silly packumentCache full:https://registry.npmjs.org/react-native-flash-message cache-miss
17 http fetch GET 200 https://registry.npmjs.org/react-native-flash-message 715ms (cache miss)
18 silly packumentCache full:https://registry.npmjs.org/react-native-flash-message set size:undefined disposed:false
19 silly fetch manifest react@18.3.1
20 silly packumentCache full:https://registry.npmjs.org/react cache-miss
21 http fetch GET 200 https://registry.npmjs.org/react 748ms (cache updated)
22 silly packumentCache full:https://registry.npmjs.org/react set size:undefined disposed:false
23 silly fetch manifest react-native@0.76.6
24 silly packumentCache full:https://registry.npmjs.org/react-native cache-miss
25 http fetch GET 200 https://registry.npmjs.org/react-native 820ms (cache updated)
26 silly packumentCache full:https://registry.npmjs.org/react-native set size:undefined disposed:false
27 silly fetch manifest @types/react@~18.3.12
28 silly packumentCache full:https://registry.npmjs.org/@types%2freact cache-miss
29 http fetch GET 200 https://registry.npmjs.org/@types%2freact 344ms (cache updated)
30 silly packumentCache full:https://registry.npmjs.org/@types%2freact set size:undefined disposed:false
31 silly placeDep ROOT react-native-flash-message@0.4.2 OK for: monannonce_react@1.0.0 want: *
32 silly fetch manifest react-native-iphone-screen-helper@^2.0.2
33 silly packumentCache full:https://registry.npmjs.org/react-native-iphone-screen-helper cache-miss
34 http fetch GET 200 https://registry.npmjs.org/react-native-iphone-screen-helper 627ms (cache miss)
35 silly packumentCache full:https://registry.npmjs.org/react-native-iphone-screen-helper set size:undefined disposed:false
36 silly fetch manifest react-native@*
37 silly packumentCache full:https://registry.npmjs.org/react-native cache-miss
38 http cache https://registry.npmjs.org/react-native 33ms (cache hit)
39 silly packumentCache full:https://registry.npmjs.org/react-native set size:12838581 disposed:false
40 silly fetch manifest @types/react@^18.2.6
41 silly packumentCache full:https://registry.npmjs.org/@types%2freact cache-miss
42 http cache https://registry.npmjs.org/@types%2freact 35ms (cache hit)
43 silly packumentCache full:https://registry.npmjs.org/@types%2freact set size:2282386 disposed:false
44 silly fetch manifest react@*
45 silly packumentCache full:https://registry.npmjs.org/react cache-miss
46 http cache https://registry.npmjs.org/react 17ms (cache hit)
47 silly packumentCache full:https://registry.npmjs.org/react set size:5337976 disposed:false
48 silly fetch manifest react@^18.2.0
49 silly packumentCache full:https://registry.npmjs.org/react cache-miss
50 http cache https://registry.npmjs.org/react 17ms (cache hit)
51 silly packumentCache full:https://registry.npmjs.org/react set size:5337976 disposed:false
52 silly placeDep ROOT react-native-iphone-screen-helper@2.1.2 OK for: react-native-flash-message@0.4.2 want: ^2.0.2
53 silly reify moves {}
54 silly audit bulk request {
54 silly audit   '@0no-co/graphql.web': [ '1.0.13' ],
54 silly audit   '@ampproject/remapping': [ '2.3.0' ],
54 silly audit   '@babel/code-frame': [ '7.26.2', '7.10.4' ],
54 silly audit   '@babel/compat-data': [ '7.26.5' ],
54 silly audit   '@babel/core': [ '7.26.0' ],
54 silly audit   '@babel/generator': [ '7.26.5' ],
54 silly audit   '@babel/helper-annotate-as-pure': [ '7.25.9' ],
54 silly audit   '@babel/helper-compilation-targets': [ '7.26.5' ],
54 silly audit   '@babel/helper-create-class-features-plugin': [ '7.25.9' ],
54 silly audit   '@babel/helper-create-regexp-features-plugin': [ '7.26.3' ],
54 silly audit   '@babel/helper-define-polyfill-provider': [ '0.6.3' ],
54 silly audit   '@babel/helper-member-expression-to-functions': [ '7.25.9' ],
54 silly audit   '@babel/helper-module-imports': [ '7.25.9' ],
54 silly audit   '@babel/helper-module-transforms': [ '7.26.0' ],
54 silly audit   '@babel/helper-optimise-call-expression': [ '7.25.9' ],
54 silly audit   '@babel/helper-plugin-utils': [ '7.26.5' ],
54 silly audit   '@babel/helper-remap-async-to-generator': [ '7.25.9' ],
54 silly audit   '@babel/helper-replace-supers': [ '7.26.5' ],
54 silly audit   '@babel/helper-skip-transparent-expression-wrappers': [ '7.25.9' ],
54 silly audit   '@babel/helper-string-parser': [ '7.25.9' ],
54 silly audit   '@babel/helper-validator-identifier': [ '7.25.9' ],
54 silly audit   '@babel/helper-validator-option': [ '7.25.9' ],
54 silly audit   '@babel/helper-wrap-function': [ '7.25.9' ],
54 silly audit   '@babel/helpers': [ '7.26.0' ],
54 silly audit   '@babel/highlight': [ '7.25.9' ],
54 silly audit   'ansi-styles': [ '3.2.1', '6.2.1', '4.3.0', '5.2.0' ],
54 silly audit   chalk: [ '2.4.2', '4.1.2', '3.0.0' ],
54 silly audit   'color-convert': [ '1.9.3', '2.0.1' ],
54 silly audit   'color-name': [ '1.1.3', '1.1.4' ],
54 silly audit   'escape-string-regexp': [ '1.0.5', '4.0.0', '2.0.0' ],
54 silly audit   'has-flag': [ '3.0.0', '4.0.0' ],
54 silly audit   'supports-color': [ '5.5.0', '8.1.1', '7.2.0' ],
54 silly audit   '@babel/parser': [ '7.26.5' ],
54 silly audit   '@babel/plugin-bugfix-firefox-class-in-computed-class-key': [ '7.25.9' ],
54 silly audit   '@babel/plugin-bugfix-safari-class-field-initializer-scope': [ '7.25.9' ],
54 silly audit   '@babel/plugin-bugfix-safari-id-destructuring-collision-in-function-expression': [ '7.25.9' ],
54 silly audit   '@babel/plugin-bugfix-v8-spread-parameters-in-optional-chaining': [ '7.25.9' ],
54 silly audit   '@babel/plugin-bugfix-v8-static-class-fields-redefine-readonly': [ '7.25.9' ],
54 silly audit   '@babel/plugin-proposal-class-properties': [ '7.18.6' ],
54 silly audit   '@babel/plugin-proposal-decorators': [ '7.25.9' ],
54 silly audit   '@babel/plugin-proposal-export-default-from': [ '7.25.9' ],
54 silly audit   '@babel/plugin-proposal-nullish-coalescing-operator': [ '7.18.6' ],
54 silly audit   '@babel/plugin-proposal-optional-chaining': [ '7.21.0' ],
54 silly audit   '@babel/plugin-proposal-private-property-in-object': [ '7.21.0-placeholder-for-preset-env.2' ],
54 silly audit   '@babel/plugin-syntax-async-generators': [ '7.8.4' ],
54 silly audit   '@babel/plugin-syntax-bigint': [ '7.8.3' ],
54 silly audit   '@babel/plugin-syntax-class-properties': [ '7.12.13' ],
54 silly audit   '@babel/plugin-syntax-class-static-block': [ '7.14.5' ],
54 silly audit   '@babel/plugin-syntax-decorators': [ '7.25.9' ],
54 silly audit   '@babel/plugin-syntax-dynamic-import': [ '7.8.3' ],
54 silly audit   '@babel/plugin-syntax-export-default-from': [ '7.25.9' ],
54 silly audit   '@babel/plugin-syntax-flow': [ '7.26.0' ],
54 silly audit   '@babel/plugin-syntax-import-assertions': [ '7.26.0' ],
54 silly audit   '@babel/plugin-syntax-import-attributes': [ '7.26.0' ],
54 silly audit   '@babel/plugin-syntax-import-meta': [ '7.10.4' ],
54 silly audit   '@babel/plugin-syntax-json-strings': [ '7.8.3' ],
54 silly audit   '@babel/plugin-syntax-jsx': [ '7.25.9' ],
54 silly audit   '@babel/plugin-syntax-logical-assignment-operators': [ '7.10.4' ],
54 silly audit   '@babel/plugin-syntax-nullish-coalescing-operator': [ '7.8.3' ],
54 silly audit   '@babel/plugin-syntax-numeric-separator': [ '7.10.4' ],
54 silly audit   '@babel/plugin-syntax-object-rest-spread': [ '7.8.3' ],
54 silly audit   '@babel/plugin-syntax-optional-catch-binding': [ '7.8.3' ],
54 silly audit   '@babel/plugin-syntax-optional-chaining': [ '7.8.3' ],
54 silly audit   '@babel/plugin-syntax-private-property-in-object': [ '7.14.5' ],
54 silly audit   '@babel/plugin-syntax-top-level-await': [ '7.14.5' ],
54 silly audit   '@babel/plugin-syntax-typescript': [ '7.25.9' ],
54 silly audit   '@babel/plugin-syntax-unicode-sets-regex': [ '7.18.6' ],
54 silly audit   '@babel/plugin-transform-arrow-functions': [ '7.25.9' ],
54 silly audit   '@babel/plugin-transform-async-generator-functions': [ '7.25.9' ],
54 silly audit   '@babel/plugin-transform-async-to-generator': [ '7.25.9' ],
54 silly audit   '@babel/plugin-transform-block-scoped-functions': [ '7.26.5' ],
54 silly audit   '@babel/plugin-transform-block-scoping': [ '7.25.9' ],
54 silly audit   '@babel/plugin-transform-class-properties': [ '7.25.9' ],
54 silly audit   '@babel/plugin-transform-class-static-block': [ '7.26.0' ],
54 silly audit   '@babel/plugin-transform-classes': [ '7.25.9' ],
54 silly audit   '@babel/plugin-transform-computed-properties': [ '7.25.9' ],
54 silly audit   '@babel/plugin-transform-destructuring': [ '7.25.9' ],
54 silly audit   '@babel/plugin-transform-dotall-regex': [ '7.25.9' ],
54 silly audit   '@babel/plugin-transform-duplicate-keys': [ '7.25.9' ],
54 silly audit   '@babel/plugin-transform-duplicate-named-capturing-groups-regex': [ '7.25.9' ],
54 silly audit   '@babel/plugin-transform-dynamic-import': [ '7.25.9' ],
54 silly audit   '@babel/plugin-transform-exponentiation-operator': [ '7.26.3' ],
54 silly audit   '@babel/plugin-transform-export-namespace-from': [ '7.25.9' ],
54 silly audit   '@babel/plugin-transform-flow-strip-types': [ '7.26.5' ],
54 silly audit   '@babel/plugin-transform-for-of': [ '7.25.9' ],
54 silly audit   '@babel/plugin-transform-function-name': [ '7.25.9' ],
54 silly audit   '@babel/plugin-transform-json-strings': [ '7.25.9' ],
54 silly audit   '@babel/plugin-transform-literals': [ '7.25.9' ],
54 silly audit   '@babel/plugin-transform-logical-assignment-operators': [ '7.25.9' ],
54 silly audit   '@babel/plugin-transform-member-expression-literals': [ '7.25.9' ],
54 silly audit   '@babel/plugin-transform-modules-amd': [ '7.25.9' ],
54 silly audit   '@babel/plugin-transform-modules-commonjs': [ '7.26.3' ],
54 silly audit   '@babel/plugin-transform-modules-systemjs': [ '7.25.9' ],
54 silly audit   '@babel/plugin-transform-modules-umd': [ '7.25.9' ],
54 silly audit   '@babel/plugin-transform-named-capturing-groups-regex': [ '7.25.9' ],
54 silly audit   '@babel/plugin-transform-new-target': [ '7.25.9' ],
54 silly audit   '@babel/plugin-transform-nullish-coalescing-operator': [ '7.26.5' ],
54 silly audit   '@babel/plugin-transform-numeric-separator': [ '7.25.9' ],
54 silly audit   '@babel/plugin-transform-object-rest-spread': [ '7.25.9' ],
54 silly audit   '@babel/plugin-transform-object-super': [ '7.25.9' ],
54 silly audit   '@babel/plugin-transform-optional-catch-binding': [ '7.25.9' ],
54 silly audit   '@babel/plugin-transform-optional-chaining': [ '7.25.9' ],
54 silly audit   '@babel/plugin-transform-parameters': [ '7.25.9' ],
54 silly audit   '@babel/plugin-transform-private-methods': [ '7.25.9' ],
54 silly audit   '@babel/plugin-transform-private-property-in-object': [ '7.25.9' ],
54 silly audit   '@babel/plugin-transform-property-literals': [ '7.25.9' ],
54 silly audit   '@babel/plugin-transform-react-display-name': [ '7.25.9' ],
54 silly audit   '@babel/plugin-transform-react-jsx': [ '7.25.9' ],
54 silly audit   '@babel/plugin-transform-react-jsx-development': [ '7.25.9' ],
54 silly audit   '@babel/plugin-transform-react-jsx-self': [ '7.25.9' ],
54 silly audit   '@babel/plugin-transform-react-jsx-source': [ '7.25.9' ],
54 silly audit   '@babel/plugin-transform-react-pure-annotations': [ '7.25.9' ],
54 silly audit   '@babel/plugin-transform-regenerator': [ '7.25.9' ],
54 silly audit   '@babel/plugin-transform-regexp-modifiers': [ '7.26.0' ],
54 silly audit   '@babel/plugin-transform-reserved-words': [ '7.25.9' ],
54 silly audit   '@babel/plugin-transform-runtime': [ '7.25.9' ],
54 silly audit   '@babel/plugin-transform-shorthand-properties': [ '7.25.9' ],
54 silly audit   '@babel/plugin-transform-spread': [ '7.25.9' ],
54 silly audit   '@babel/plugin-transform-sticky-regex': [ '7.25.9' ],
54 silly audit   '@babel/plugin-transform-template-literals': [ '7.25.9' ],
54 silly audit   '@babel/plugin-transform-typeof-symbol': [ '7.25.9' ],
54 silly audit   '@babel/plugin-transform-typescript': [ '7.26.5' ],
54 silly audit   '@babel/plugin-transform-unicode-escapes': [ '7.25.9' ],
54 silly audit   '@babel/plugin-transform-unicode-property-regex': [ '7.25.9' ],
54 silly audit   '@babel/plugin-transform-unicode-regex': [ '7.25.9' ],
54 silly audit   '@babel/plugin-transform-unicode-sets-regex': [ '7.25.9' ],
54 silly audit   '@babel/preset-env': [ '7.26.0' ],
54 silly audit   '@babel/preset-flow': [ '7.25.9' ],
54 silly audit   '@babel/preset-modules': [ '0.1.6-no-external-plugins' ],
54 silly audit   '@babel/preset-react': [ '7.26.3' ],
54 silly audit   '@babel/preset-typescript': [ '7.26.0' ],
54 silly audit   '@babel/register': [ '7.25.9' ],
54 silly audit   'make-dir': [ '2.1.0', '4.0.0' ],
54 silly audit   semver: [ '5.7.2', '7.6.3', '6.3.1' ],
54 silly audit   '@babel/runtime': [ '7.26.0' ],
54 silly audit   '@babel/template': [ '7.25.9' ],
54 silly audit   '@babel/traverse': [ '7.26.5' ],
54 silly audit   '@babel/types': [ '7.26.5' ],
54 silly audit   '@bcoe/v8-coverage': [ '0.2.3' ],
54 silly audit   '@callstack/react-theme-provider': [ '3.0.9' ],
54 silly audit   deepmerge: [ '3.3.0', '4.3.1' ],
54 silly audit   '@egjs/hammerjs': [ '2.0.17' ],
54 silly audit   '@expo/bunyan': [ '4.0.1' ],
54 silly audit   '@expo/cli': [ '0.22.9' ],
54 silly audit   '@expo/code-signing-certificates': [ '0.0.5' ],
54 silly audit   '@expo/config': [ '10.0.8' ],
54 silly audit   '@expo/config-plugins': [ '9.0.14' ],
54 silly audit   '@expo/config-types': [ '52.0.3' ],
54 silly audit   '@expo/devcert': [ '1.1.4' ],
54 silly audit   debug: [ '3.2.7', '2.6.9', '4.4.0' ],
54 silly audit   '@expo/env': [ '0.4.1' ],
54 silly audit   '@expo/fingerprint': [ '0.11.7' ],
54 silly audit   '@expo/image-utils': [ '0.6.4' ],
54 silly audit   'fs-extra': [ '9.0.0', '9.1.0', '8.1.0' ],
54 silly audit   jsonfile: [ '6.1.0', '4.0.0' ],
54 silly audit   universalify: [ '2.0.1', '1.0.0', '0.2.0', '0.1.2' ],
54 silly audit   '@expo/json-file': [ '9.0.1' ],
54 silly audit   '@expo/metro-config': [ '0.19.9' ],
54 silly audit   '@expo/metro-runtime': [ '4.0.0' ],
54 silly audit   '@expo/osascript': [ '2.1.5' ],
54 silly audit   '@expo/package-manager': [ '1.7.1' ],
54 silly audit   'sudo-prompt': [ '9.1.1', '8.2.5' ],
54 silly audit   '@expo/plist': [ '0.2.1' ],
54 silly audit   '@expo/prebuild-config': [ '8.0.25' ],
54 silly audit   '@expo/rudder-sdk-node': [ '1.1.1' ],
54 silly audit   '@expo/sdk-runtime-versions': [ '1.0.0' ],
54 silly audit   '@expo/server': [ '0.5.0' ],
54 silly audit   '@expo/spawn-async': [ '1.7.2' ],
54 silly audit   '@expo/vector-icons': [ '14.0.4' ],
54 silly audit   '@expo/xcpretty': [ '4.3.2' ],
54 silly audit   argparse: [ '2.0.1', '1.0.10' ],
54 silly audit   'js-yaml': [ '4.1.0', '3.14.1' ],
54 silly audit   '@isaacs/cliui': [ '8.0.2' ],
54 silly audit   'wrap-ansi': [ '8.1.0', '7.0.0' ],
54 silly audit   '@isaacs/ttlcache': [ '1.4.1' ],
54 silly audit   '@istanbuljs/load-nyc-config': [ '1.1.0' ],
54 silly audit   'find-up': [ '4.1.0', '3.0.0', '5.0.0' ],
54 silly audit   'locate-path': [ '5.0.0', '3.0.0', '6.0.0' ],
54 silly audit   'p-limit': [ '2.3.0', '3.1.0' ],
54 silly audit   'p-locate': [ '4.1.0', '3.0.0', '5.0.0' ],
54 silly audit   '@istanbuljs/schema': [ '0.1.3' ],
54 silly audit   '@jest/console': [ '29.7.0' ],
54 silly audit   '@jest/core': [ '29.7.0' ],
54 silly audit   'strip-ansi': [ '6.0.1', '5.2.0', '7.1.0' ],
54 silly audit   '@jest/create-cache-key-function': [ '29.7.0' ],
54 silly audit   '@jest/environment': [ '29.7.0' ],
54 silly audit   '@jest/expect': [ '29.7.0' ],
54 silly audit   '@jest/expect-utils': [ '29.7.0' ],
54 silly audit   '@jest/fake-timers': [ '29.7.0' ],
54 silly audit   '@jest/globals': [ '29.7.0' ],
54 silly audit   '@jest/reporters': [ '29.7.0' ],
54 silly audit   glob: [ '7.2.3', '10.4.5' ],
54 silly audit   '@jest/schemas': [ '29.6.3' ],
54 silly audit   '@jest/source-map': [ '29.6.3' ],
54 silly audit   '@jest/test-result': [ '29.7.0' ],
54 silly audit   '@jest/test-sequencer': [ '29.7.0' ],
54 silly audit   '@jest/transform': [ '29.7.0' ],
54 silly audit   'signal-exit': [ '3.0.7', '4.1.0' ],
54 silly audit   'write-file-atomic': [ '4.0.2', '2.4.3' ],
54 silly audit   '@jest/types': [ '29.6.3' ],
54 silly audit   '@jridgewell/gen-mapping': [ '0.3.8' ],
54 silly audit   '@jridgewell/resolve-uri': [ '3.1.2' ],
54 silly audit   '@jridgewell/set-array': [ '1.2.1' ],
54 silly audit   '@jridgewell/source-map': [ '0.3.6' ],
54 silly audit   '@jridgewell/sourcemap-codec': [ '1.5.0' ],
54 silly audit   '@jridgewell/trace-mapping': [ '0.3.25' ],
54 silly audit   '@nodelib/fs.scandir': [ '2.1.5' ],
54 silly audit   '@nodelib/fs.stat': [ '2.0.5' ],
54 silly audit   '@nodelib/fs.walk': [ '1.2.8' ],
54 silly audit   '@npmcli/fs': [ '3.1.1' ],
54 silly audit   '@pkgjs/parseargs': [ '0.11.0' ],
54 silly audit   '@radix-ui/react-compose-refs': [ '1.0.0' ],
54 silly audit   '@radix-ui/react-slot': [ '1.0.1' ],
54 silly audit   '@react-native/assets-registry': [ '0.76.6' ],
54 silly audit   '@react-native/babel-plugin-codegen': [ '0.76.6' ],
54 silly audit   '@react-native/babel-preset': [ '0.76.6' ],
54 silly audit   '@react-native/codegen': [ '0.76.6' ],
54 silly audit   '@react-native/community-cli-plugin': [ '0.76.6' ],
54 silly audit   execa: [ '5.1.1', '1.0.0' ],
54 silly audit   'get-stream': [ '6.0.1', '4.1.0' ],
54 silly audit   'is-stream': [ '2.0.1', '1.1.0' ],
54 silly audit   'mimic-fn': [ '2.1.0', '1.2.0' ],
54 silly audit   'npm-run-path': [ '4.0.1', '2.0.2' ],
54 silly audit   onetime: [ '5.1.2', '2.0.1' ],
54 silly audit   '@react-native/debugger-frontend': [ '0.76.6' ],
54 silly audit   '@react-native/dev-middleware': [ '0.76.6' ],
54 silly audit   ms: [ '2.0.0', '2.1.3' ],
54 silly audit   ws: [ '6.2.3', '7.5.10', '8.18.0' ],
54 silly audit   '@react-native/gradle-plugin': [ '0.76.6' ],
54 silly audit   '@react-native/js-polyfills': [ '0.76.6' ],
54 silly audit   '@react-native/metro-babel-transformer': [ '0.76.6' ],
54 silly audit   '@react-native/normalize-colors': [ '0.76.6', '0.74.88' ],
54 silly audit   '@react-native/virtualized-lists': [ '0.76.6' ],
54 silly audit   '@react-navigation/bottom-tabs': [ '7.2.0' ],
54 silly audit   '@react-navigation/core': [ '7.3.1' ],
54 silly audit   '@react-navigation/elements': [ '2.2.5' ],
54 silly audit   '@react-navigation/native': [ '7.0.14' ],
54 silly audit   '@react-navigation/native-stack': [ '7.2.0' ],
54 silly audit   '@react-navigation/routers': [ '7.1.2' ],
54 silly audit   '@remix-run/node': [ '2.15.2' ],
54 silly audit   '@remix-run/router': [ '1.21.0' ],
54 silly audit   '@remix-run/server-runtime': [ '2.15.2' ],
54 silly audit   '@remix-run/web-blob': [ '3.1.0' ],
54 silly audit   '@remix-run/web-fetch': [ '4.4.2' ],
54 silly audit   '@remix-run/web-file': [ '3.1.0' ],
54 silly audit   '@remix-run/web-form-data': [ '3.1.0' ],
54 silly audit   '@remix-run/web-stream': [ '1.1.0' ],
54 silly audit   '@segment/loosely-validate-event': [ '2.0.0' ],
54 silly audit   '@sinclair/typebox': [ '0.27.8' ],
54 silly audit   '@sinonjs/commons': [ '3.0.1' ],
54 silly audit   '@sinonjs/fake-timers': [ '10.3.0' ],
54 silly audit   '@tootallnate/once': [ '2.0.0' ],
54 silly audit   '@types/babel__core': [ '7.20.5' ],
54 silly audit   '@types/babel__generator': [ '7.6.8' ],
54 silly audit   '@types/babel__template': [ '7.4.4' ],
54 silly audit   '@types/babel__traverse': [ '7.20.6' ],
54 silly audit   '@types/cookie': [ '0.6.0' ],
54 silly audit   '@types/eslint': [ '9.6.1' ],
54 silly audit   '@types/eslint-scope': [ '3.7.7' ],
54 silly audit   '@types/estree': [ '1.0.6' ],
54 silly audit   '@types/graceful-fs': [ '4.1.9' ],
54 silly audit   '@types/hammerjs': [ '2.0.46' ],
54 silly audit   '@types/istanbul-lib-coverage': [ '2.0.6' ],
54 silly audit   '@types/istanbul-lib-report': [ '3.0.3' ],
54 silly audit   '@types/istanbul-reports': [ '3.0.4' ],
54 silly audit   '@types/jest': [ '29.5.14' ],
54 silly audit   '@types/jsdom': [ '20.0.1' ],
54 silly audit   '@types/json-schema': [ '7.0.15' ],
54 silly audit   '@types/node': [ '22.10.5' ],
54 silly audit   '@types/node-forge': [ '1.3.11' ],
54 silly audit   '@types/prop-types': [ '15.7.14' ],
54 silly audit   '@types/react': [ '18.3.18' ],
54 silly audit   '@types/react-test-renderer': [ '18.3.1' ],
54 silly audit   '@types/stack-utils': [ '2.0.3' ],
54 silly audit   '@types/tough-cookie': [ '4.0.5' ],
54 silly audit   '@types/yargs': [ '17.0.33' ],
54 silly audit   '@types/yargs-parser': [ '21.0.3' ],
54 silly audit   '@urql/core': [ '5.1.0' ],
54 silly audit   '@urql/exchange-retry': [ '1.3.0' ],
54 silly audit   '@web3-storage/multipart-parser': [ '1.0.0' ],
54 silly audit   '@webassemblyjs/ast': [ '1.14.1' ],
54 silly audit   '@webassemblyjs/floating-point-hex-parser': [ '1.13.2' ],
54 silly audit   '@webassemblyjs/helper-api-error': [ '1.13.2' ],
54 silly audit   '@webassemblyjs/helper-buffer': [ '1.14.1' ],
54 silly audit   '@webassemblyjs/helper-numbers': [ '1.13.2' ],
54 silly audit   '@webassemblyjs/helper-wasm-bytecode': [ '1.13.2' ],
54 silly audit   '@webassemblyjs/helper-wasm-section': [ '1.14.1' ],
54 silly audit   '@webassemblyjs/ieee754': [ '1.13.2' ],
54 silly audit   '@webassemblyjs/leb128': [ '1.13.2' ],
54 silly audit   '@webassemblyjs/utf8': [ '1.13.2' ],
54 silly audit   '@webassemblyjs/wasm-edit': [ '1.14.1' ],
54 silly audit   '@webassemblyjs/wasm-gen': [ '1.14.1' ],
54 silly audit   '@webassemblyjs/wasm-opt': [ '1.14.1' ],
54 silly audit   '@webassemblyjs/wasm-parser': [ '1.14.1' ],
54 silly audit   '@webassemblyjs/wast-printer': [ '1.14.1' ],
54 silly audit   '@xmldom/xmldom': [ '0.7.13', '0.8.10' ],
54 silly audit   '@xtuc/ieee754': [ '1.2.0' ],
54 silly audit   '@xtuc/long': [ '4.2.2' ],
54 silly audit   '@zxing/text-encoding': [ '0.9.0' ],
54 silly audit   abab: [ '2.0.6' ],
54 silly audit   'abort-controller': [ '3.0.0' ],
54 silly audit   accepts: [ '1.3.8' ],
54 silly audit   acorn: [ '8.14.0' ],
54 silly audit   'acorn-globals': [ '7.0.1' ],
54 silly audit   'acorn-loose': [ '8.4.0' ],
54 silly audit   'acorn-walk': [ '8.3.4' ],
54 silly audit   'agent-base': [ '6.0.2' ],
54 silly audit   'aggregate-error': [ '3.1.0' ],
54 silly audit   ajv: [ '8.17.1', '6.12.6' ],
54 silly audit   'ajv-formats': [ '2.1.1' ],
54 silly audit   'ajv-keywords': [ '5.1.0', '3.5.2' ],
54 silly audit   anser: [ '1.4.10' ],
54 silly audit   'ansi-escapes': [ '4.3.2', '6.2.1' ],
54 silly audit   'ansi-regex': [ '5.0.1', '4.1.1', '6.1.0' ],
54 silly audit   'any-promise': [ '1.3.0' ],
54 silly audit   anymatch: [ '3.1.3' ],
54 silly audit   picomatch: [ '2.3.1', '3.0.1' ],
54 silly audit   'application-config-path': [ '0.1.1' ],
54 silly audit   arg: [ '5.0.2' ],
54 silly audit   'array-union': [ '2.1.0' ],
54 silly audit   asap: [ '2.0.6' ],
54 silly audit   'ast-types': [ '0.15.2' ],
54 silly audit   'async-limiter': [ '1.0.1' ],
54 silly audit   asynckit: [ '0.4.0' ],
54 silly audit   'at-least-node': [ '1.0.0' ],
54 silly audit   'available-typed-arrays': [ '1.0.7' ],
54 silly audit   'babel-core': [ '7.0.0-bridge.0' ],
54 silly audit   'babel-jest': [ '29.7.0' ],
54 silly audit   'babel-plugin-istanbul': [ '6.1.1' ],
54 silly audit   'istanbul-lib-instrument': [ '5.2.1', '6.0.3' ],
54 silly audit   'babel-plugin-jest-hoist': [ '29.6.3' ],
54 silly audit   'babel-plugin-polyfill-corejs2': [ '0.4.12' ],
54 silly audit   'babel-plugin-polyfill-corejs3': [ '0.10.6' ],
54 silly audit   'babel-plugin-polyfill-regenerator': [ '0.6.3' ],
54 silly audit   'babel-plugin-react-native-web': [ '0.19.13' ],
54 silly audit   'babel-plugin-syntax-hermes-parser': [ '0.25.1', '0.23.1' ],
54 silly audit   'hermes-estree': [ '0.25.1', '0.23.1', '0.24.0' ],
54 silly audit   'hermes-parser': [ '0.25.1', '0.23.1', '0.24.0' ],
54 silly audit   'babel-plugin-transform-flow-enums': [ '0.0.2' ],
54 silly audit   'babel-preset-current-node-syntax': [ '1.1.0' ],
54 silly audit   'babel-preset-expo': [ '12.0.6' ],
54 silly audit   'babel-preset-jest': [ '29.6.3' ],
54 silly audit   'balanced-match': [ '1.0.2' ],
54 silly audit   'base64-js': [ '1.5.1' ],
54 silly audit   'better-opn': [ '3.0.2' ],
54 silly audit   open: [ '8.4.2', '7.4.2' ],
54 silly audit   'big-integer': [ '1.6.52' ],
54 silly audit   'bplist-creator': [ '0.0.7', '0.1.0' ],
54 silly audit   'bplist-parser': [ '0.3.2', '0.3.1' ],
54 silly audit   'brace-expansion': [ '1.1.11', '2.0.1' ],
54 silly audit   braces: [ '3.0.3' ],
54 silly audit   browserslist: [ '4.24.4' ],
54 silly audit   bser: [ '2.1.1' ],
54 silly audit   buffer: [ '5.7.1' ],
54 silly audit   'buffer-alloc': [ '1.2.0' ],
54 silly audit   'buffer-alloc-unsafe': [ '1.1.0' ],
54 silly audit   'buffer-fill': [ '1.0.0' ],
54 silly audit   'buffer-from': [ '1.1.2' ],
54 silly audit   bytes: [ '3.1.2' ],
54 silly audit   cacache: [ '18.0.4' ],
54 silly audit   'lru-cache': [ '10.4.3', '5.1.1' ],
54 silly audit   'call-bind': [ '1.0.8' ],
54 silly audit   'call-bind-apply-helpers': [ '1.0.1' ],
54 silly audit   'call-bound': [ '1.0.3' ],
54 silly audit   'caller-callsite': [ '2.0.0' ],
54 silly audit   callsites: [ '2.0.0', '3.1.0' ],
54 silly audit   'caller-path': [ '2.0.0' ],
54 silly audit   camelcase: [ '5.3.1', '6.3.0' ],
54 silly audit   'caniuse-lite': [ '1.0.30001692' ],
54 silly audit   'char-regex': [ '1.0.2', '2.0.2' ],
54 silly audit   charenc: [ '0.0.2' ],
54 silly audit   chownr: [ '2.0.0' ],
54 silly audit   'chrome-launcher': [ '0.15.2' ],
54 silly audit   'chrome-trace-event': [ '1.0.4' ],
54 silly audit   'chromium-edge-launcher': [ '0.2.0' ],
54 silly audit   mkdirp: [ '1.0.4', '0.5.6' ],
54 silly audit   'ci-info': [ '3.9.0', '2.0.0' ],
54 silly audit   'cjs-module-lexer': [ '1.4.1' ],
54 silly audit   'clean-stack': [ '2.2.0' ],
54 silly audit   'cli-cursor': [ '2.1.0' ],
54 silly audit   'cli-spinners': [ '2.9.2' ],
54 silly audit   'client-only': [ '0.0.1' ],
54 silly audit   cliui: [ '8.0.1', '7.0.4' ],
54 silly audit   'emoji-regex': [ '8.0.0', '9.2.2' ],
54 silly audit   'string-width': [ '4.2.3', '5.1.2' ],
54 silly audit   clone: [ '1.0.4' ],
54 silly audit   'clone-deep': [ '4.0.1' ],
54 silly audit   co: [ '4.6.0' ],
54 silly audit   'collect-v8-coverage': [ '1.0.2' ],
54 silly audit   color: [ '4.2.3', '3.2.1' ],
54 silly audit   'color-string': [ '1.9.1' ],
54 silly audit   'combined-stream': [ '1.0.8' ],
54 silly audit   'command-exists': [ '1.2.9' ],
54 silly audit   commander: [ '7.2.0', '12.1.0', '4.1.1', '2.20.3' ],
54 silly audit   commondir: [ '1.0.1' ],
54 silly audit   'component-type': [ '1.2.2' ],
54 silly audit   compressible: [ '2.0.18' ],
54 silly audit   compression: [ '1.7.5' ],
54 silly audit   negotiator: [ '0.6.4', '0.6.3' ],
54 silly audit   'concat-map': [ '0.0.1' ],
54 silly audit   connect: [ '3.7.0' ],
54 silly audit   'convert-source-map': [ '2.0.0' ],
54 silly audit   cookie: [ '0.6.0' ],
54 silly audit   'cookie-signature': [ '1.2.2' ],
54 silly audit   'core-js-compat': [ '3.40.0' ],
54 silly audit   'core-util-is': [ '1.0.3' ],
54 silly audit   cosmiconfig: [ '5.2.1' ],
54 silly audit   'parse-json': [ '4.0.0', '5.2.0' ],
54 silly audit   'create-jest': [ '29.7.0' ],
54 silly audit   'cross-fetch': [ '3.2.0' ],
54 silly audit   'cross-spawn': [ '7.0.6', '6.0.6' ],
54 silly audit   crypt: [ '0.0.2' ],
54 silly audit   'crypto-random-string': [ '2.0.0' ],
54 silly audit   'css-in-js-utils': [ '3.1.0' ],
54 silly audit   cssom: [ '0.5.0', '0.3.8' ],
54 silly audit   cssstyle: [ '2.3.0' ],
54 silly audit   csstype: [ '3.1.3' ],
54 silly audit   'data-uri-to-buffer': [ '3.0.1' ],
54 silly audit   'data-urls': [ '3.0.2' ],
54 silly audit   'decimal.js': [ '10.4.3' ],
54 silly audit   'decode-uri-component': [ '0.2.2' ],
54 silly audit   dedent: [ '1.5.3' ],
54 silly audit   'deep-extend': [ '0.6.0' ],
54 silly audit   'default-gateway': [ '4.2.0' ],
54 silly audit   defaults: [ '1.0.4' ],
54 silly audit   'define-data-property': [ '1.1.4' ],
54 silly audit   'define-lazy-prop': [ '2.0.0' ],
54 silly audit   del: [ '6.1.1' ],
54 silly audit   'delayed-stream': [ '1.0.0' ],
54 silly audit   denodeify: [ '1.2.1' ],
54 silly audit   depd: [ '2.0.0' ],
54 silly audit   destroy: [ '1.2.0' ],
54 silly audit   'detect-libc': [ '1.0.3' ],
54 silly audit   'detect-newline': [ '3.1.0' ],
54 silly audit   'diff-sequences': [ '29.6.3' ],
54 silly audit   'dir-glob': [ '3.0.1' ],
54 silly audit   domexception: [ '4.0.0' ],
54 silly audit   dotenv: [ '16.4.7' ],
54 silly audit   'dotenv-expand': [ '11.0.7' ],
54 silly audit   'dunder-proto': [ '1.0.1' ],
54 silly audit   eastasianwidth: [ '0.2.0' ],
54 silly audit   'ee-first': [ '1.1.1' ],
54 silly audit   'electron-to-chromium': [ '1.5.80' ],
54 silly audit   emittery: [ '0.13.1' ],
54 silly audit   encodeurl: [ '1.0.2', '2.0.0' ],
54 silly audit   'end-of-stream': [ '1.4.4' ],
54 silly audit   'enhanced-resolve': [ '5.18.0' ],
54 silly audit   entities: [ '4.5.0' ],
54 silly audit   'env-editor': [ '0.4.2' ],
54 silly audit   eol: [ '0.9.1' ],
54 silly audit   'error-ex': [ '1.3.2' ],
54 silly audit   'error-stack-parser': [ '2.1.4' ],
54 silly audit   'es-define-property': [ '1.0.1' ],
54 silly audit   'es-errors': [ '1.3.0' ],
54 silly audit   'es-module-lexer': [ '1.6.0' ],
54 silly audit   'es-object-atoms': [ '1.0.0' ],
54 silly audit   escalade: [ '3.2.0' ],
54 silly audit   'escape-html': [ '1.0.3' ],
54 silly audit   escodegen: [ '2.1.0' ],
54 silly audit   'source-map': [ '0.6.1', '0.5.7', '0.7.4', '0.5.6' ],
54 silly audit   'eslint-scope': [ '5.1.1' ],
54 silly audit   estraverse: [ '4.3.0', '5.3.0' ],
54 silly audit   esprima: [ '4.0.1' ],
54 silly audit   esrecurse: [ '4.3.0' ],
54 silly audit   esutils: [ '2.0.3' ],
54 silly audit   etag: [ '1.8.1' ],
54 silly audit   'event-target-shim': [ '5.0.1' ],
54 silly audit   events: [ '3.3.0' ],
54 silly audit   'exec-async': [ '2.2.0' ],
54 silly audit   'path-key': [ '2.0.1', '3.1.1' ],
54 silly audit   'shebang-command': [ '1.2.0', '2.0.0' ],
54 silly audit   'shebang-regex': [ '1.0.0', '3.0.0' ],
54 silly audit   which: [ '1.3.1', '2.0.2' ],
54 silly audit   exit: [ '0.1.2' ],
54 silly audit   expect: [ '29.7.0' ],
54 silly audit   expo: [ '52.0.25' ],
54 silly audit   'expo-asset': [ '11.0.2' ],
54 silly audit   'expo-blur': [ '14.0.2' ],
54 silly audit   'expo-constants': [ '17.0.4' ],
54 silly audit   'expo-file-system': [ '18.0.7' ],
54 silly audit   'expo-font': [ '13.0.3' ],
54 silly audit   'expo-haptics': [ '14.0.1' ],
54 silly audit   'expo-keep-awake': [ '14.0.2' ],
54 silly audit   'expo-linking': [ '7.0.4' ],
54 silly audit   'expo-modules-autolinking': [ '2.0.5' ],
54 silly audit   'expo-modules-core': [ '2.1.3' ],
54 silly audit   'expo-router': [ '4.0.16' ],
54 silly audit   'expo-splash-screen': [ '0.29.20' ],
54 silly audit   'expo-status-bar': [ '2.0.1' ],
54 silly audit   'expo-symbols': [ '0.2.1' ],
54 silly audit   'expo-system-ui': [ '4.0.7' ],
54 silly audit   'expo-web-browser': [ '14.0.2' ],
54 silly audit   'exponential-backoff': [ '3.1.1' ],
54 silly audit   'fast-deep-equal': [ '3.1.3' ],
54 silly audit   'fast-glob': [ '3.3.3' ],
54 silly audit   'fast-json-stable-stringify': [ '2.1.0' ],
54 silly audit   'fast-loops': [ '1.1.4' ],
54 silly audit   'fast-uri': [ '3.0.5' ],
54 silly audit   fastq: [ '1.18.0' ],
54 silly audit   'fb-watchman': [ '2.0.2' ],
54 silly audit   fbemitter: [ '3.0.0' ],
54 silly audit   fbjs: [ '3.0.5' ],
54 silly audit   'fbjs-css-vars': [ '1.0.2' ],
54 silly audit   'fetch-retry': [ '4.1.1' ],
54 silly audit   'fill-range': [ '7.1.1' ],
54 silly audit   'filter-obj': [ '1.1.0' ],
54 silly audit   finalhandler: [ '1.1.2' ],
54 silly audit   'find-cache-dir': [ '2.1.0' ],
54 silly audit   'path-exists': [ '3.0.0', '4.0.0' ],
54 silly audit   'pkg-dir': [ '3.0.0', '4.2.0' ],
54 silly audit   'flow-enums-runtime': [ '0.0.6' ],
54 silly audit   'flow-parser': [ '0.258.1' ],
54 silly audit   fontfaceobserver: [ '2.3.0' ],
54 silly audit   'for-each': [ '0.3.3' ],
54 silly audit   'foreground-child': [ '3.3.0' ],
54 silly audit   'form-data': [ '3.0.2', '4.0.1' ],
54 silly audit   'freeport-async': [ '2.0.0' ],
54 silly audit   fresh: [ '0.5.2' ],
54 silly audit   'fs-minipass': [ '3.0.3', '2.1.0' ],
54 silly audit   'fs.realpath': [ '1.0.0' ],
54 silly audit   fsevents: [ '2.3.3' ],
54 silly audit   'function-bind': [ '1.1.2' ],
54 silly audit   gensync: [ '1.0.0-beta.2' ],
54 silly audit   'get-caller-file': [ '2.0.5' ],
54 silly audit   'get-intrinsic': [ '1.2.7' ],
54 silly audit   'get-package-type': [ '0.1.0' ],
54 silly audit   'get-port': [ '3.2.0' ],
54 silly audit   'get-proto': [ '1.0.1' ],
54 silly audit   getenv: [ '1.0.0' ],
54 silly audit   'glob-parent': [ '5.1.2' ],
54 silly audit   'glob-to-regexp': [ '0.4.1' ],
54 silly audit   minimatch: [ '9.0.5', '3.1.2' ],
54 silly audit   globals: [ '11.12.0' ],
54 silly audit   globby: [ '11.1.0' ],
54 silly audit   gopd: [ '1.2.0' ],
54 silly audit   'graceful-fs': [ '4.2.11' ],
54 silly audit   'has-property-descriptors': [ '1.0.2' ],
54 silly audit   'has-symbols': [ '1.1.0' ],
54 silly audit   'has-tostringtag': [ '1.0.2' ],
54 silly audit   hasown: [ '2.0.2' ],
54 silly audit   'hoist-non-react-statics': [ '3.3.2' ],
54 silly audit   'react-is': [ '16.13.1', '18.3.1' ],
54 silly audit   'hosted-git-info': [ '7.0.2' ],
54 silly audit   'html-encoding-sniffer': [ '3.0.0' ],
54 silly audit   'html-escaper': [ '2.0.2' ],
54 silly audit   'http-errors': [ '2.0.0' ],
54 silly audit   statuses: [ '2.0.1', '1.5.0' ],
54 silly audit   'http-proxy-agent': [ '5.0.0' ],
54 silly audit   'https-proxy-agent': [ '5.0.1' ],
54 silly audit   'human-signals': [ '2.1.0' ],
54 silly audit   'hyphenate-style-name': [ '1.1.0' ],
54 silly audit   'iconv-lite': [ '0.6.3' ],
54 silly audit   ieee754: [ '1.2.1' ],
54 silly audit   ignore: [ '5.3.2' ],
54 silly audit   'image-size': [ '1.2.0' ],
54 silly audit   'import-fresh': [ '2.0.0' ],
54 silly audit   'resolve-from': [ '3.0.0', '5.0.0' ],
54 silly audit   'import-local': [ '3.2.0' ],
54 silly audit   imurmurhash: [ '0.1.4' ],
54 silly audit   'indent-string': [ '4.0.0' ],
54 silly audit   inflight: [ '1.0.6' ],
54 silly audit   inherits: [ '2.0.4' ],
54 silly audit   ini: [ '1.3.8' ],
54 silly audit   'inline-style-prefixer': [ '6.0.4' ],
54 silly audit   'internal-ip': [ '4.3.0' ],
54 silly audit   invariant: [ '2.2.4' ],
54 silly audit   'ip-regex': [ '2.1.0' ],
54 silly audit   'ipaddr.js': [ '1.9.1' ],
54 silly audit   'is-arguments': [ '1.2.0' ],
54 silly audit   'is-arrayish': [ '0.2.1', '0.3.2' ],
54 silly audit   'is-buffer': [ '1.1.6' ],
54 silly audit   'is-callable': [ '1.2.7' ],
54 silly audit   'is-core-module': [ '2.16.1' ],
54 silly audit   'is-directory': [ '0.3.1' ],
54 silly audit   'is-docker': [ '2.2.1' ],
54 silly audit   'is-extglob': [ '2.1.1' ],
54 silly audit   'is-fullwidth-code-point': [ '3.0.0' ],
54 silly audit   'is-generator-fn': [ '2.1.0' ],
54 silly audit   'is-generator-function': [ '1.1.0' ],
54 silly audit   'is-glob': [ '4.0.3' ],
54 silly audit   'is-number': [ '7.0.0' ],
54 silly audit   'is-path-cwd': [ '2.2.0' ],
54 silly audit   'is-path-inside': [ '3.0.3' ],
54 silly audit   'is-plain-object': [ '2.0.4' ],
54 silly audit   'is-potential-custom-element-name': [ '1.0.1' ],
54 silly audit   'is-regex': [ '1.2.1' ],
54 silly audit   'is-typed-array': [ '1.1.15' ],
54 silly audit   'is-wsl': [ '2.2.0' ],
54 silly audit   isarray: [ '1.0.0' ],
54 silly audit   isexe: [ '2.0.0' ],
54 silly audit   isobject: [ '3.0.1' ],
54 silly audit   'istanbul-lib-coverage': [ '3.2.2' ],
54 silly audit   'istanbul-lib-report': [ '3.0.1' ],
54 silly audit   'istanbul-lib-source-maps': [ '4.0.1' ],
54 silly audit   'istanbul-reports': [ '3.1.7' ],
54 silly audit   jackspeak: [ '3.4.3' ],
54 silly audit   jest: [ '29.7.0' ],
54 silly audit   'jest-changed-files': [ '29.7.0' ],
54 silly audit   'jest-circus': [ '29.7.0' ],
54 silly audit   'jest-cli': [ '29.7.0' ],
54 silly audit   'jest-config': [ '29.7.0' ],
54 silly audit   'jest-diff': [ '29.7.0' ],
54 silly audit   'jest-docblock': [ '29.7.0' ],
54 silly audit   'jest-each': [ '29.7.0' ],
54 silly audit   'jest-environment-jsdom': [ '29.7.0' ],
54 silly audit   'jest-environment-node': [ '29.7.0' ],
54 silly audit   'jest-expo': [ '52.0.3' ],
54 silly audit   react: [ '19.0.0-rc-6230622a1a-20240610', '18.3.1' ],
54 silly audit   'react-dom': [ '19.0.0-rc-6230622a1a-20240610', '18.3.1' ],
54 silly audit   'react-server-dom-webpack': [ '19.0.0-rc-6230622a1a-20240610' ],
54 silly audit   scheduler: [
54 silly audit     '0.25.0-rc-6230622a1a-20240610',
54 silly audit     '0.24.0-canary-efb381bbf-20230505',
54 silly audit     '0.23.2'
54 silly audit   ],
54 silly audit   'jest-get-type': [ '29.6.3' ],
54 silly audit   'jest-haste-map': [ '29.7.0' ],
54 silly audit   'jest-leak-detector': [ '29.7.0' ],
54 silly audit   'jest-matcher-utils': [ '29.7.0' ],
54 silly audit   'jest-message-util': [ '29.7.0' ],
54 silly audit   'jest-mock': [ '29.7.0' ],
54 silly audit   'jest-pnp-resolver': [ '1.2.3' ],
54 silly audit   'jest-regex-util': [ '29.6.3' ],
54 silly audit   'jest-resolve': [ '29.7.0' ],
54 silly audit   'jest-resolve-dependencies': [ '29.7.0' ],
54 silly audit   'jest-runner': [ '29.7.0' ],
54 silly audit   'source-map-support': [ '0.5.13', '0.5.21' ],
54 silly audit   'jest-runtime': [ '29.7.0' ],
54 silly audit   'jest-snapshot': [ '29.7.0' ],
54 silly audit   'jest-util': [ '29.7.0' ],
54 silly audit   'jest-validate': [ '29.7.0' ],
54 silly audit   'jest-watch-select-projects': [ '2.0.0' ],
54 silly audit   'jest-watch-typeahead': [ '2.2.1' ],
54 silly audit   slash: [ '5.1.0', '3.0.0' ],
54 silly audit   'string-length': [ '5.0.1', '4.0.2' ],
54 silly audit   'jest-watcher': [ '29.7.0' ],
54 silly audit   'jest-worker': [ '29.7.0', '27.5.1' ],
54 silly audit   'jimp-compact': [ '0.16.1' ],
54 silly audit   'join-component': [ '1.1.0' ],
54 silly audit   'js-tokens': [ '4.0.0' ],
54 silly audit   'jsc-android': [ '250231.0.0' ],
54 silly audit   'jsc-safe-url': [ '0.2.4' ],
54 silly audit   jscodeshift: [ '0.14.0' ],
54 silly audit   jsdom: [ '20.0.3' ],
54 silly audit   jsesc: [ '3.1.0', '3.0.2' ],
54 silly audit   'json-parse-better-errors': [ '1.0.2' ],
54 silly audit   'json-parse-even-better-errors': [ '2.3.1' ],
54 silly audit   'json-schema-traverse': [ '1.0.0', '0.4.1' ],
54 silly audit   json5: [ '2.2.3' ],
54 silly audit   'kind-of': [ '6.0.3' ],
54 silly audit   kleur: [ '3.0.3' ],
54 silly audit   leven: [ '3.1.0' ],
54 silly audit   'lighthouse-logger': [ '1.4.2' ],
54 silly audit   lightningcss: [ '1.27.0' ],
54 silly audit   'lightningcss-darwin-arm64': [ '1.27.0' ],
54 silly audit   'lightningcss-darwin-x64': [ '1.27.0' ],
54 silly audit   'lightningcss-freebsd-x64': [ '1.27.0' ],
54 silly audit   'lightningcss-linux-arm-gnueabihf': [ '1.27.0' ],
54 silly audit   'lightningcss-linux-arm64-gnu': [ '1.27.0' ],
54 silly audit   'lightningcss-linux-arm64-musl': [ '1.27.0' ],
54 silly audit   'lightningcss-linux-x64-gnu': [ '1.27.0' ],
54 silly audit   'lightningcss-linux-x64-musl': [ '1.27.0' ],
54 silly audit   'lightningcss-win32-arm64-msvc': [ '1.27.0' ],
54 silly audit   'lightningcss-win32-x64-msvc': [ '1.27.0' ],
54 silly audit   'lines-and-columns': [ '1.2.4' ],
54 silly audit   'loader-runner': [ '4.3.0' ],
54 silly audit   lodash: [ '4.17.21' ],
54 silly audit   'lodash.debounce': [ '4.0.8' ],
54 silly audit   'lodash.throttle': [ '4.1.1' ],
54 silly audit   'log-symbols': [ '2.2.0' ],
54 silly audit   'loose-envify': [ '1.4.0' ],
54 silly audit   makeerror: [ '1.0.12' ],
54 silly audit   marky: [ '1.2.5' ],
54 silly audit   'math-intrinsics': [ '1.1.0' ],
54 silly audit   md5: [ '2.3.0' ],
54 silly audit   'md5-file': [ '3.2.3' ],
54 silly audit   'memoize-one': [ '5.2.1', '6.0.0' ],
54 silly audit   'merge-stream': [ '2.0.0' ],
54 silly audit   merge2: [ '1.4.1' ],
54 silly audit   metro: [ '0.81.0' ],
54 silly audit   'metro-babel-transformer': [ '0.81.0' ],
54 silly audit   'metro-cache': [ '0.81.0' ],
54 silly audit   'metro-cache-key': [ '0.81.0' ],
54 silly audit   'metro-config': [ '0.81.0' ],
54 silly audit   'metro-core': [ '0.81.0' ],
54 silly audit   'metro-file-map': [ '0.81.0' ],
54 silly audit   'metro-minify-terser': [ '0.81.0' ],
54 silly audit   'metro-resolver': [ '0.81.0' ],
54 silly audit   'metro-runtime': [ '0.81.0' ],
54 silly audit   'metro-source-map': [ '0.81.0' ],
54 silly audit   'metro-symbolicate': [ '0.81.0' ],
54 silly audit   'metro-transform-plugins': [ '0.81.0' ],
54 silly audit   'metro-transform-worker': [ '0.81.0' ],
54 silly audit   micromatch: [ '4.0.8' ],
54 silly audit   mime: [ '1.6.0' ],
54 silly audit   'mime-db': [ '1.53.0', '1.52.0' ],
54 silly audit   'mime-types': [ '2.1.35' ],
54 silly audit   minimist: [ '1.2.8' ],
54 silly audit   minipass: [ '7.1.2', '3.3.6', '5.0.0' ],
54 silly audit   'minipass-collect': [ '2.0.1' ],
54 silly audit   'minipass-flush': [ '1.0.5' ],
54 silly audit   yallist: [ '4.0.0', '3.1.1' ],
54 silly audit   'minipass-pipeline': [ '1.2.4' ],
54 silly audit   minizlib: [ '2.1.2' ],
54 silly audit   mrmime: [ '1.0.1' ],
54 silly audit   mz: [ '2.7.0' ],
54 silly audit   nanoid: [ '3.3.8' ],
54 silly audit   'natural-compare': [ '1.4.0' ],
54 silly audit   'neo-async': [ '2.6.2' ],
54 silly audit   'nested-error-stacks': [ '2.0.1' ],
54 silly audit   'nice-try': [ '1.0.5' ],
54 silly audit   'node-abort-controller': [ '3.1.1' ],
54 silly audit   'node-dir': [ '0.1.17' ],
54 silly audit   'node-fetch': [ '2.7.0' ],
54 silly audit   tr46: [ '0.0.3', '3.0.0' ],
54 silly audit   'webidl-conversions': [ '3.0.1', '7.0.0', '5.0.0' ],
54 silly audit   'whatwg-url': [ '5.0.0', '11.0.0' ],
54 silly audit   'node-forge': [ '1.3.1' ],
54 silly audit   'node-int64': [ '0.4.0' ],
54 silly audit   'node-releases': [ '2.0.19' ],
54 silly audit   'normalize-path': [ '3.0.0' ],
54 silly audit   'npm-package-arg': [ '11.0.3' ],
54 silly audit   nullthrows: [ '1.1.1' ],
54 silly audit   nwsapi: [ '2.2.16' ],
54 silly audit   ob1: [ '0.81.0' ],
54 silly audit   'object-assign': [ '4.1.1' ],
54 silly audit   'on-finished': [ '2.3.0', '2.4.1' ],
54 silly audit   'on-headers': [ '1.0.2' ],
54 silly audit   once: [ '1.4.0' ],
54 silly audit   ora: [ '3.4.0' ],
54 silly audit   'os-tmpdir': [ '1.0.2' ],
54 silly audit   'p-finally': [ '1.0.0' ],
54 silly audit   'p-map': [ '4.0.0' ],
54 silly audit   'p-try': [ '2.2.0' ],
54 silly audit   'package-json-from-dist': [ '1.0.1' ],
54 silly audit   'parse-png': [ '2.1.0' ],
54 silly audit   parse5: [ '7.2.1' ],
54 silly audit   parseurl: [ '1.3.3' ],
54 silly audit   'password-prompt': [ '1.1.3' ],
54 silly audit   'path-is-absolute': [ '1.0.1' ],
54 silly audit   'path-parse': [ '1.0.7' ],
54 silly audit   'path-scurry': [ '1.11.1' ],
54 silly audit   'path-type': [ '4.0.0' ],
54 silly audit   picocolors: [ '1.1.1' ],
54 silly audit   pify: [ '4.0.1' ],
54 silly audit   pirates: [ '4.0.6' ],
54 silly audit   plist: [ '3.1.0' ],
54 silly audit   xmlbuilder: [ '15.1.1', '11.0.1', '14.0.0' ],
54 silly audit   pngjs: [ '3.4.0' ],
54 silly audit   'possible-typed-array-names': [ '1.0.0' ],
54 silly audit   postcss: [ '8.4.49' ],
54 silly audit   'postcss-value-parser': [ '4.2.0' ],
54 silly audit   'pretty-bytes': [ '5.6.0' ],
54 silly audit   'pretty-format': [ '29.7.0' ],
54 silly audit   'proc-log': [ '4.2.0' ],
54 silly audit   'process-nextick-args': [ '2.0.1' ],
54 silly audit   progress: [ '2.0.3' ],
54 silly audit   promise: [ '7.3.1', '8.3.0' ],
54 silly audit   prompts: [ '2.4.2' ],
54 silly audit   'prop-types': [ '15.8.1' ],
54 silly audit   psl: [ '1.15.0' ],
54 silly audit   pump: [ '3.0.2' ],
54 silly audit   punycode: [ '2.3.1' ],
54 silly audit   'pure-rand': [ '6.1.0' ],
54 silly audit   'qrcode-terminal': [ '0.11.0' ],
54 silly audit   'query-string': [ '7.1.3' ],
54 silly audit   querystringify: [ '2.2.0' ],
54 silly audit   queue: [ '6.0.2' ],
54 silly audit   'queue-microtask': [ '1.2.3' ],
54 silly audit   randombytes: [ '2.1.0' ],
54 silly audit   'range-parser': [ '1.2.1' ],
54 silly audit   rc: [ '1.2.8' ],
54 silly audit   'strip-json-comments': [ '2.0.1', '3.1.1' ],
54 silly audit   'react-devtools-core': [ '5.3.2' ],
54 silly audit   'react-fast-compare': [ '3.2.2' ],
54 silly audit   'react-freeze': [ '1.0.4' ],
54 silly audit   'react-helmet-async': [ '1.3.0' ],
54 silly audit   'react-native': [ '0.76.6' ],
54 silly audit   'react-native-gesture-handler': [ '2.20.2' ],
54 silly audit   'react-native-helmet-async': [ '2.0.4' ],
54 silly audit   'react-native-is-edge-to-edge': [ '1.1.6' ],
54 silly audit   'react-native-paper': [ '5.13.1' ],
54 silly audit   'use-latest-callback': [ '0.1.11', '0.2.3' ],
54 silly audit   'react-native-reanimated': [ '3.16.7' ],
54 silly audit   'react-native-safe-area-context': [ '4.12.0' ],
54 silly audit   'react-native-screens': [ '4.4.0' ],
54 silly audit   'react-native-vector-icons': [ '10.2.0' ],
54 silly audit   yargs: [ '16.2.0', '17.7.2' ],
54 silly audit   'yargs-parser': [ '20.2.9', '21.1.1' ],
54 silly audit   'react-native-web': [ '0.19.13' ],
54 silly audit   'react-native-webview': [ '13.12.5' ],
54 silly audit   'regenerator-runtime': [ '0.13.11', '0.14.1' ],
54 silly audit   'react-refresh': [ '0.14.2' ],
54 silly audit   'react-shallow-renderer': [ '16.15.0' ],
54 silly audit   'react-test-renderer': [ '18.3.1' ],
54 silly audit   'readable-stream': [ '2.3.8' ],
54 silly audit   'safe-buffer': [ '5.1.2', '5.2.1' ],
54 silly audit   readline: [ '1.3.0' ],
54 silly audit   recast: [ '0.21.5' ],
54 silly audit   regenerate: [ '1.4.2' ],
54 silly audit   'regenerate-unicode-properties': [ '10.2.0' ],
54 silly audit   'regenerator-transform': [ '0.15.2' ],
54 silly audit   'regexpu-core': [ '6.2.0' ],
54 silly audit   regjsgen: [ '0.8.0' ],
54 silly audit   regjsparser: [ '0.12.0' ],
54 silly audit   'remove-trailing-slash': [ '0.1.1' ],
54 silly audit   'require-directory': [ '2.1.1' ],
54 silly audit   'require-from-string': [ '2.0.2' ],
54 silly audit   requireg: [ '0.2.2' ],
54 silly audit   resolve: [ '1.7.1', '1.22.10' ],
54 silly audit   'requires-port': [ '1.0.0' ],
54 silly audit   'resolve-cwd': [ '3.0.0' ],
54 silly audit   'resolve-workspace-root': [ '2.0.0' ],
54 silly audit   'resolve.exports': [ '2.0.3' ],
54 silly audit   'restore-cursor': [ '2.0.0' ],
54 silly audit   reusify: [ '1.0.4' ],
54 silly audit   rimraf: [ '3.0.2', '2.6.3' ],
54 silly audit   'run-parallel': [ '1.2.0' ],
54 silly audit   'safe-regex-test': [ '1.1.0' ],
54 silly audit   'safer-buffer': [ '2.1.2' ],
54 silly audit   sax: [ '1.4.1' ],
54 silly audit   saxes: [ '6.0.0' ],
54 silly audit   'schema-utils': [ '4.3.0', '3.3.0' ],
54 silly audit   selfsigned: [ '2.4.1' ],
54 silly audit   send: [ '0.19.1', '0.19.0' ],
54 silly audit   'serialize-error': [ '2.1.0' ],
54 silly audit   'serialize-javascript': [ '6.0.2' ],
54 silly audit   'serve-static': [ '1.16.2' ],
54 silly audit   'server-only': [ '0.0.1' ],
54 silly audit   'set-cookie-parser': [ '2.7.1' ],
54 silly audit   'set-function-length': [ '1.2.2' ],
54 silly audit   setimmediate: [ '1.0.5' ],
54 silly audit   setprototypeof: [ '1.2.0' ],
54 silly audit   'sf-symbols-typescript': [ '2.1.0' ],
54 silly audit   'shallow-clone': [ '3.0.1' ],
54 silly audit   shallowequal: [ '1.1.0' ],
54 silly audit   'shell-quote': [ '1.8.2' ],
54 silly audit   'simple-plist': [ '1.3.1' ],
54 silly audit   'simple-swizzle': [ '0.2.2' ],
54 silly audit   sisteransi: [ '1.0.5' ],
54 silly audit   slugify: [ '1.6.6' ],
54 silly audit   'source-map-js': [ '1.2.1' ],
54 silly audit   split: [ '1.0.1' ],
54 silly audit   'split-on-first': [ '1.1.0' ],
54 silly audit   'sprintf-js': [ '1.0.3' ],
54 silly audit   ssri: [ '10.0.6' ],
54 silly audit   'stack-generator': [ '2.0.10' ],
54 silly audit   'stack-utils': [ '2.0.6' ],
54 silly audit   stackframe: [ '1.3.4' ],
54 silly audit   'stacktrace-gps': [ '3.1.2' ],
54 silly audit   'stacktrace-js': [ '2.0.2' ],
54 silly audit   'stacktrace-parser': [ '0.1.10' ],
54 silly audit   'type-fest': [ '0.7.1', '0.16.0', '0.21.3' ],
54 silly audit   'stream-buffers': [ '2.2.0' ],
54 silly audit   'stream-slice': [ '0.1.2' ],
54 silly audit   'strict-uri-encode': [ '2.0.0' ],
54 silly audit   string_decoder: [ '1.1.1' ],
54 silly audit   'strip-bom': [ '4.0.0' ],
54 silly audit   'strip-eof': [ '1.0.0' ],
54 silly audit   'strip-final-newline': [ '2.0.0' ],
54 silly audit   'structured-headers': [ '0.4.1' ],
54 silly audit   styleq: [ '0.1.3' ],
54 silly audit   sucrase: [ '3.35.0' ],
54 silly audit   'supports-hyperlinks': [ '2.3.0' ],
54 silly audit   'supports-preserve-symlinks-flag': [ '1.0.0' ],
54 silly audit   'symbol-tree': [ '3.2.4' ],
54 silly audit   tapable: [ '2.2.1' ],
54 silly audit   tar: [ '6.2.1' ],
54 silly audit   temp: [ '0.8.4' ],
54 silly audit   'temp-dir': [ '2.0.0' ],
54 silly audit   tempy: [ '0.7.1' ],
54 silly audit   'terminal-link': [ '2.1.1' ],
54 silly audit   terser: [ '5.37.0' ],
54 silly audit   'terser-webpack-plugin': [ '5.3.11' ],
54 silly audit   'test-exclude': [ '6.0.0' ],
54 silly audit   thenify: [ '3.3.1' ],
54 silly audit   'thenify-all': [ '1.6.0' ],
54 silly audit   throat: [ '5.0.0' ],
54 silly audit   through: [ '2.3.8' ],
54 silly audit   through2: [ '2.0.5' ],
54 silly audit   tmp: [ '0.0.33' ],
54 silly audit   tmpl: [ '1.0.5' ],
54 silly audit   'to-regex-range': [ '5.0.1' ],
54 silly audit   toidentifier: [ '1.0.1' ],
54 silly audit   'tough-cookie': [ '4.1.4' ],
54 silly audit   'ts-interface-checker': [ '0.1.13' ],
54 silly audit   tslib: [ '2.8.1' ],
54 silly audit   'turbo-stream': [ '2.4.0' ],
54 silly audit   'type-detect': [ '4.0.8' ],
54 silly audit   typescript: [ '5.7.3' ],
54 silly audit   'ua-parser-js': [ '1.0.40' ],
54 silly audit   undici: [ '6.21.0' ],
54 silly audit   'undici-types': [ '6.20.0' ],
54 silly audit   'unicode-canonical-property-names-ecmascript': [ '2.0.1' ],
54 silly audit   'unicode-match-property-ecmascript': [ '2.0.0' ],
54 silly audit   'unicode-match-property-value-ecmascript': [ '2.2.0' ],
54 silly audit   'unicode-property-aliases-ecmascript': [ '2.1.0' ],
54 silly audit   'unique-filename': [ '3.0.0' ],
54 silly audit   'unique-slug': [ '4.0.0' ],
54 silly audit   'unique-string': [ '2.0.0' ],
54 silly audit   unpipe: [ '1.0.0' ],
54 silly audit   'update-browserslist-db': [ '1.1.2' ],
54 silly audit   'uri-js': [ '4.4.1' ],
54 silly audit   'url-parse': [ '1.5.10' ],
54 silly audit   'use-sync-external-store': [ '1.4.0' ],
54 silly audit   util: [ '0.12.5' ],
54 silly audit   'util-deprecate': [ '1.0.2' ],
54 silly audit   'utils-merge': [ '1.0.1' ],
54 silly audit   uuid: [ '8.3.2', '7.0.3' ],
54 silly audit   'v8-to-istanbul': [ '9.3.0' ],
54 silly audit   'validate-npm-package-name': [ '5.0.1' ],
54 silly audit   vary: [ '1.1.2' ],
54 silly audit   vlq: [ '1.0.1' ],
54 silly audit   'w3c-xmlserializer': [ '4.0.0' ],
54 silly audit   walker: [ '1.0.8' ],
54 silly audit   'warn-once': [ '0.1.1' ],
54 silly audit   watchpack: [ '2.4.2' ],
54 silly audit   wcwidth: [ '1.0.1' ],
54 silly audit   'web-encoding': [ '1.1.5' ],
54 silly audit   'web-streams-polyfill': [ '3.3.3' ],
54 silly audit   webpack: [ '5.97.1' ],
54 silly audit   'webpack-sources': [ '3.2.3' ],
54 silly audit   'whatwg-encoding': [ '2.0.0' ],
54 silly audit   'whatwg-fetch': [ '3.6.20' ],
54 silly audit   'whatwg-mimetype': [ '3.0.0' ],
54 silly audit   'whatwg-url-without-unicode': [ '8.0.0-3' ],
54 silly audit   'which-typed-array': [ '1.1.18' ],
54 silly audit   wonka: [ '6.3.4' ],
54 silly audit   wrappy: [ '1.0.2' ],
54 silly audit   xcode: [ '3.0.1' ],
54 silly audit   'xml-name-validator': [ '4.0.0' ],
54 silly audit   xml2js: [ '0.6.0' ],
54 silly audit   xmlchars: [ '2.2.0' ],
54 silly audit   xtend: [ '4.0.2' ],
54 silly audit   y18n: [ '5.0.8' ],
54 silly audit   'yocto-queue': [ '0.1.0' ],
54 silly audit   'react-native-flash-message': [ '0.4.2' ],
54 silly audit   'react-native-iphone-screen-helper': [ '2.1.2' ]
54 silly audit }
55 verbose reify failed optional dependency /home/app/monannonce_react/monannonce_react/node_modules/lightningcss-win32-x64-msvc
56 silly reify mark deleted [
56 silly reify   '/home/app/monannonce_react/monannonce_react/node_modules/lightningcss-win32-x64-msvc'
56 silly reify ]
57 verbose reify failed optional dependency /home/app/monannonce_react/monannonce_react/node_modules/lightningcss-win32-arm64-msvc
58 silly reify mark deleted [
58 silly reify   '/home/app/monannonce_react/monannonce_react/node_modules/lightningcss-win32-arm64-msvc'
58 silly reify ]
59 verbose reify failed optional dependency /home/app/monannonce_react/monannonce_react/node_modules/lightningcss-linux-arm64-musl
60 silly reify mark deleted [
60 silly reify   '/home/app/monannonce_react/monannonce_react/node_modules/lightningcss-linux-arm64-musl'
60 silly reify ]
61 verbose reify failed optional dependency /home/app/monannonce_react/monannonce_react/node_modules/lightningcss-linux-arm64-gnu
62 silly reify mark deleted [
62 silly reify   '/home/app/monannonce_react/monannonce_react/node_modules/lightningcss-linux-arm64-gnu'
62 silly reify ]
63 verbose reify failed optional dependency /home/app/monannonce_react/monannonce_react/node_modules/lightningcss-linux-arm-gnueabihf
64 silly reify mark deleted [
64 silly reify   '/home/app/monannonce_react/monannonce_react/node_modules/lightningcss-linux-arm-gnueabihf'
64 silly reify ]
65 verbose reify failed optional dependency /home/app/monannonce_react/monannonce_react/node_modules/lightningcss-freebsd-x64
66 silly reify mark deleted [
66 silly reify   '/home/app/monannonce_react/monannonce_react/node_modules/lightningcss-freebsd-x64'
66 silly reify ]
67 verbose reify failed optional dependency /home/app/monannonce_react/monannonce_react/node_modules/lightningcss-darwin-x64
68 silly reify mark deleted [
68 silly reify   '/home/app/monannonce_react/monannonce_react/node_modules/lightningcss-darwin-x64'
68 silly reify ]
69 verbose reify failed optional dependency /home/app/monannonce_react/monannonce_react/node_modules/lightningcss-darwin-arm64
70 silly reify mark deleted [
70 silly reify   '/home/app/monannonce_react/monannonce_react/node_modules/lightningcss-darwin-arm64'
70 silly reify ]
71 verbose reify failed optional dependency /home/app/monannonce_react/monannonce_react/node_modules/fsevents
72 silly reify mark deleted [ '/home/app/monannonce_react/monannonce_react/node_modules/fsevents' ]
73 http cache react-native-iphone-screen-helper@https://registry.npmjs.org/react-native-iphone-screen-helper/-/react-native-iphone-screen-helper-2.1.2.tgz 0ms (cache hit)
74 http cache react-native-flash-message@https://registry.npmjs.org/react-native-flash-message/-/react-native-flash-message-0.4.2.tgz 0ms (cache hit)
75 silly tarball no local data for react-native-flash-message@https://registry.npmjs.org/react-native-flash-message/-/react-native-flash-message-0.4.2.tgz. Extracting by manifest.
76 silly tarball no local data for react-native-iphone-screen-helper@https://registry.npmjs.org/react-native-iphone-screen-helper/-/react-native-iphone-screen-helper-2.1.2.tgz. Extracting by manifest.
77 http fetch POST 200 https://registry.npmjs.org/-/npm/v1/security/advisories/bulk 217ms
78 silly audit report {
78 silly audit report   cookie: [
78 silly audit report     {
78 silly audit report       id: 1099846,
78 silly audit report       url: 'https://github.com/advisories/GHSA-pxg6-pf52-xh8x',
78 silly audit report       title: 'cookie accepts cookie name, path, and domain with out of bounds characters',
78 silly audit report       severity: 'low',
78 silly audit report       vulnerable_versions: '<0.7.0',
78 silly audit report       cwe: [Array],
78 silly audit report       cvss: [Object]
78 silly audit report     }
78 silly audit report   ]
78 silly audit report }
79 silly packumentCache corgi:https://registry.npmjs.org/cookie cache-miss
80 http fetch GET 200 https://registry.npmjs.org/react-native-flash-message/-/react-native-flash-message-0.4.2.tgz 360ms (cache miss)
81 http fetch GET 200 https://registry.npmjs.org/cookie 231ms (cache updated)
82 silly packumentCache corgi:https://registry.npmjs.org/cookie set size:undefined disposed:false
83 silly packumentCache corgi:https://registry.npmjs.org/@remix-run%2fserver-runtime cache-miss
84 http fetch GET 200 https://registry.npmjs.org/react-native-iphone-screen-helper/-/react-native-iphone-screen-helper-2.1.2.tgz 441ms (cache miss)
85 http fetch GET 200 https://registry.npmjs.org/@remix-run%2fserver-runtime 727ms (cache updated)
86 silly packumentCache corgi:https://registry.npmjs.org/@remix-run%2fserver-runtime set size:undefined disposed:false
87 silly packumentCache corgi:https://registry.npmjs.org/@remix-run%2fnode cache-miss
88 http fetch GET 200 https://registry.npmjs.org/@remix-run%2fnode 574ms (cache updated)
89 silly packumentCache corgi:https://registry.npmjs.org/@remix-run%2fnode set size:undefined disposed:false
90 silly packumentCache corgi:https://registry.npmjs.org/@expo%2fserver cache-miss
91 http fetch GET 200 https://registry.npmjs.org/@expo%2fserver 179ms (cache updated)
92 silly packumentCache corgi:https://registry.npmjs.org/@expo%2fserver set size:undefined disposed:false
93 silly packumentCache corgi:https://registry.npmjs.org/expo-router cache-miss
94 http fetch GET 200 https://registry.npmjs.org/expo-router 178ms (cache updated)
95 silly packumentCache corgi:https://registry.npmjs.org/expo-router set size:undefined disposed:false
96 silly ADD node_modules/react-native-iphone-screen-helper
97 silly ADD node_modules/react-native-flash-message
98 silly ADD
99 silly ADD
100 silly ADD
101 silly ADD
102 silly ADD
103 silly ADD
104 silly ADD
105 silly ADD
106 silly ADD
107 verbose cwd /home/app/monannonce_react/monannonce_react
108 verbose os Linux 5.15.167.4-microsoft-standard-WSL2
109 verbose node v22.13.0
110 verbose npm  v10.9.2
111 verbose exit 0
112 info ok
